<?xml version="1.0" encoding="UTF-8"?>
<robot generator="Robot 6.0.2 (Python 3.9.10 on win32)" generated="20230424 22:32:19.675" rpa="false" schemaversion="3">
<suite id="s1" name="Simple" source="c:\Users\lookn\looknat\Com\year3\semester_2\SE2\Robot_trainder\testcases\master\simple.robot">
<test id="s1-t1" name="Send input to form" line="23">
<kw name="Open Browser" library="SeleniumLibrary">
<arg>${WEB_URL}</arg>
<arg>chrome</arg>
<doc>Opens a new browser instance to the optional ``url``.</doc>
<msg timestamp="20230424 22:32:20.023" level="INFO">Opening browser 'chrome' to base url 'https://trainder.noppakorn.com/account/signup'.</msg>
<status status="PASS" starttime="20230424 22:32:20.021" endtime="20230424 22:32:21.840"/>
</kw>
<kw name="Wait Until Page Contains" library="SeleniumLibrary">
<arg>Hello</arg>
<doc>Waits until ``text`` appears on the current page.</doc>
<status status="PASS" starttime="20230424 22:32:21.840" endtime="20230424 22:32:22.096"/>
</kw>
<kw name="Input Text" library="SeleniumLibrary">
<arg>//*[@name='username']</arg>
<arg>user1000</arg>
<doc>Types the given ``text`` into the text field identified by ``locator``.</doc>
<msg timestamp="20230424 22:32:22.100" level="INFO">Typing text 'user1000' into text field '//*[@name='username']'.</msg>
<status status="PASS" starttime="20230424 22:32:22.097" endtime="20230424 22:32:22.341"/>
</kw>
<kw name="Get Value" library="SeleniumLibrary">
<var>${username}</var>
<arg>//*[@name='username']</arg>
<doc>Returns the value attribute of the element identified by ``locator``.</doc>
<msg timestamp="20230424 22:32:22.394" level="INFO">${username} = user1000</msg>
<status status="PASS" starttime="20230424 22:32:22.343" endtime="20230424 22:32:22.394"/>
</kw>
<kw name="Should Be Equal" library="BuiltIn">
<arg>${username}</arg>
<arg>user1000</arg>
<doc>Fails if the given objects are unequal.</doc>
<status status="PASS" starttime="20230424 22:32:22.395" endtime="20230424 22:32:22.396"/>
</kw>
<kw name="Click Element" library="SeleniumLibrary">
<arg>//*[@class='h-6 w-6']</arg>
<doc>Click the element identified by ``locator``.</doc>
<msg timestamp="20230424 22:32:22.399" level="INFO">Clicking element '//*[@class='h-6 w-6']'.</msg>
<status status="PASS" starttime="20230424 22:32:22.398" endtime="20230424 22:32:22.530"/>
</kw>
<kw name="Sleep" library="BuiltIn">
<arg>0.5s</arg>
<doc>Pauses the test executed for the given time.</doc>
<msg timestamp="20230424 22:32:23.037" level="INFO">Slept 500 milliseconds</msg>
<status status="PASS" starttime="20230424 22:32:22.531" endtime="20230424 22:32:23.037"/>
</kw>
<kw name="Click Element" library="SeleniumLibrary">
<arg>//*[@class='inline-flex items-center']</arg>
<doc>Click the element identified by ``locator``.</doc>
<msg timestamp="20230424 22:32:23.040" level="INFO">Clicking element '//*[@class='inline-flex items-center']'.</msg>
<msg timestamp="20230424 22:32:23.167" level="INFO" html="true">&lt;/td&gt;&lt;/tr&gt;&lt;tr&gt;&lt;td colspan="3"&gt;&lt;a href="selenium-screenshot-24.png"&gt;&lt;img src="selenium-screenshot-24.png" width="800px"&gt;&lt;/a&gt;</msg>
<msg timestamp="20230424 22:32:23.167" level="FAIL">ElementNotInteractableException: Message: element not interactable
  (Session info: chrome=111.0.5563.65)
Stacktrace:
Backtrace:
	(No symbol) [0x0082DCE3]
	(No symbol) [0x007C39D1]
	(No symbol) [0x006D4C70]
	(No symbol) [0x007010D6]
	(No symbol) [0x006F8D05]
	(No symbol) [0x0071AECC]
	(No symbol) [0x006F8726]
	(No symbol) [0x0071B224]
	(No symbol) [0x0072D57C]
	(No symbol) [0x0071ACC6]
	(No symbol) [0x006F6F68]
	(No symbol) [0x006F80CD]
	GetHandleVerifier [0x00AA3832+2506274]
	GetHandleVerifier [0x00AD9794+2727300]
	GetHandleVerifier [0x00ADE36C+2746716]
	GetHandleVerifier [0x008D6690+617600]
	(No symbol) [0x007CC712]
	(No symbol) [0x007D1FF8]
	(No symbol) [0x007D20DB]
	(No symbol) [0x007DC63B]
	BaseThreadInitThunk [0x751B7D69+25]
	RtlInitializeExceptionChain [0x774EBB9B+107]
	RtlClearBits [0x774EBB1F+191]
</msg>
<status status="FAIL" starttime="20230424 22:32:23.039" endtime="20230424 22:32:23.199"/>
</kw>
<kw name="Input Text" library="SeleniumLibrary">
<arg>//*[@name='password']</arg>
<arg>123456789</arg>
<doc>Types the given ``text`` into the text field identified by ``locator``.</doc>
<status status="NOT RUN" starttime="20230424 22:32:23.200" endtime="20230424 22:32:23.201"/>
</kw>
<kw name="Get Value" library="SeleniumLibrary">
<var>${password}</var>
<arg>//*[@name='password']</arg>
<doc>Returns the value attribute of the element identified by ``locator``.</doc>
<status status="NOT RUN" starttime="20230424 22:32:23.201" endtime="20230424 22:32:23.203"/>
</kw>
<kw name="Should Be Equal" library="BuiltIn">
<arg>${password}</arg>
<arg>123456789</arg>
<doc>Fails if the given objects are unequal.</doc>
<status status="NOT RUN" starttime="20230424 22:32:23.203" endtime="20230424 22:32:23.203"/>
</kw>
<kw name="Input Text" library="SeleniumLibrary">
<arg>//*[@name='confirmPassword']</arg>
<arg>987654321</arg>
<doc>Types the given ``text`` into the text field identified by ``locator``.</doc>
<status status="NOT RUN" starttime="20230424 22:32:23.204" endtime="20230424 22:32:23.205"/>
</kw>
<kw name="Get Value" library="SeleniumLibrary">
<var>${password}</var>
<arg>//*[@name='confirmPassword']</arg>
<doc>Returns the value attribute of the element identified by ``locator``.</doc>
<status status="NOT RUN" starttime="20230424 22:32:23.206" endtime="20230424 22:32:23.206"/>
</kw>
<kw name="Should Be Equal" library="BuiltIn">
<arg>${password}</arg>
<arg>987654321</arg>
<doc>Fails if the given objects are unequal.</doc>
<status status="NOT RUN" starttime="20230424 22:32:23.207" endtime="20230424 22:32:23.208"/>
</kw>
<kw name="Wait Until Page Contains" library="SeleniumLibrary">
<arg>Password does not match.</arg>
<doc>Waits until ``text`` appears on the current page.</doc>
<status status="NOT RUN" starttime="20230424 22:32:23.209" endtime="20230424 22:32:23.209"/>
</kw>
<kw name="Sleep" library="BuiltIn">
<arg>0.5s</arg>
<doc>Pauses the test executed for the given time.</doc>
<status status="NOT RUN" starttime="20230424 22:32:23.210" endtime="20230424 22:32:23.211"/>
</kw>
<kw name="Input Text" library="SeleniumLibrary">
<arg>//*[@name='confirmPassword']</arg>
<arg>123456789</arg>
<doc>Types the given ``text`` into the text field identified by ``locator``.</doc>
<status status="NOT RUN" starttime="20230424 22:32:23.212" endtime="20230424 22:32:23.212"/>
</kw>
<kw name="Get Value" library="SeleniumLibrary">
<var>${password}</var>
<arg>//*[@name='confirmPassword']</arg>
<doc>Returns the value attribute of the element identified by ``locator``.</doc>
<status status="NOT RUN" starttime="20230424 22:32:23.213" endtime="20230424 22:32:23.214"/>
</kw>
<kw name="Should Be Equal" library="BuiltIn">
<arg>${password}</arg>
<arg>123456789</arg>
<doc>Fails if the given objects are unequal.</doc>
<status status="NOT RUN" starttime="20230424 22:32:23.214" endtime="20230424 22:32:23.215"/>
</kw>
<kw name="Input Text" library="SeleniumLibrary">
<arg>//*[@name='firstname']</arg>
<arg>nat</arg>
<doc>Types the given ``text`` into the text field identified by ``locator``.</doc>
<status status="NOT RUN" starttime="20230424 22:32:23.216" endtime="20230424 22:32:23.216"/>
</kw>
<kw name="Get Value" library="SeleniumLibrary">
<var>${firstname}</var>
<arg>//*[@name='firstname']</arg>
<doc>Returns the value attribute of the element identified by ``locator``.</doc>
<status status="NOT RUN" starttime="20230424 22:32:23.217" endtime="20230424 22:32:23.217"/>
</kw>
<kw name="Should Be Equal" library="BuiltIn">
<arg>${firstname}</arg>
<arg>nat</arg>
<doc>Fails if the given objects are unequal.</doc>
<status status="NOT RUN" starttime="20230424 22:32:23.218" endtime="20230424 22:32:23.219"/>
</kw>
<kw name="Input Text" library="SeleniumLibrary">
<arg>//*[@name='lastname']</arg>
<arg>haha</arg>
<doc>Types the given ``text`` into the text field identified by ``locator``.</doc>
<status status="NOT RUN" starttime="20230424 22:32:23.220" endtime="20230424 22:32:23.221"/>
</kw>
<kw name="Get Value" library="SeleniumLibrary">
<var>${lastname}</var>
<arg>//*[@name='lastname']</arg>
<doc>Returns the value attribute of the element identified by ``locator``.</doc>
<status status="NOT RUN" starttime="20230424 22:32:23.222" endtime="20230424 22:32:23.222"/>
</kw>
<kw name="Should Be Equal" library="BuiltIn">
<arg>${lastname}</arg>
<arg>haha</arg>
<doc>Fails if the given objects are unequal.</doc>
<status status="NOT RUN" starttime="20230424 22:32:23.223" endtime="20230424 22:32:23.225"/>
</kw>
<kw name="Input Text" library="SeleniumLibrary">
<arg>//*[@name='citizenId']</arg>
<arg>1234567890123</arg>
<doc>Types the given ``text`` into the text field identified by ``locator``.</doc>
<status status="NOT RUN" starttime="20230424 22:32:23.226" endtime="20230424 22:32:23.226"/>
</kw>
<kw name="Get Value" library="SeleniumLibrary">
<var>${citizenId}</var>
<arg>//*[@name='citizenId']</arg>
<doc>Returns the value attribute of the element identified by ``locator``.</doc>
<status status="NOT RUN" starttime="20230424 22:32:23.227" endtime="20230424 22:32:23.227"/>
</kw>
<kw name="Should Be Equal" library="BuiltIn">
<arg>${citizenId}</arg>
<arg>1234567890123</arg>
<doc>Fails if the given objects are unequal.</doc>
<status status="NOT RUN" starttime="20230424 22:32:23.228" endtime="20230424 22:32:23.229"/>
</kw>
<kw name="Input Text" library="SeleniumLibrary">
<arg>//*[@name='phoneNumber']</arg>
<arg>0984358769</arg>
<doc>Types the given ``text`` into the text field identified by ``locator``.</doc>
<status status="NOT RUN" starttime="20230424 22:32:23.229" endtime="20230424 22:32:23.230"/>
</kw>
<kw name="Get Value" library="SeleniumLibrary">
<var>${phoneNumber}</var>
<arg>//*[@name='phoneNumber']</arg>
<doc>Returns the value attribute of the element identified by ``locator``.</doc>
<status status="NOT RUN" starttime="20230424 22:32:23.231" endtime="20230424 22:32:23.231"/>
</kw>
<kw name="Should Be Equal" library="BuiltIn">
<arg>${phoneNumber}</arg>
<arg>0984358769</arg>
<doc>Fails if the given objects are unequal.</doc>
<status status="NOT RUN" starttime="20230424 22:32:23.232" endtime="20230424 22:32:23.233"/>
</kw>
<kw name="Input Text" library="SeleniumLibrary">
<arg>//*[@name='address']</arg>
<arg>Somerset Road, 111 Somerset, Singapore</arg>
<doc>Types the given ``text`` into the text field identified by ``locator``.</doc>
<status status="NOT RUN" starttime="20230424 22:32:23.233" endtime="20230424 22:32:23.234"/>
</kw>
<kw name="Get Value" library="SeleniumLibrary">
<var>${address}</var>
<arg>//*[@name='address']</arg>
<doc>Returns the value attribute of the element identified by ``locator``.</doc>
<status status="NOT RUN" starttime="20230424 22:32:23.235" endtime="20230424 22:32:23.235"/>
</kw>
<kw name="Should Be Equal" library="BuiltIn">
<arg>${address}</arg>
<arg>Somerset Road, 111 Somerset, Singapore</arg>
<doc>Fails if the given objects are unequal.</doc>
<status status="NOT RUN" starttime="20230424 22:32:23.236" endtime="20230424 22:32:23.236"/>
</kw>
<kw name="Click Element" library="SeleniumLibrary">
<arg>//*[@type='submit']</arg>
<doc>Click the element identified by ``locator``.</doc>
<status status="NOT RUN" starttime="20230424 22:32:23.237" endtime="20230424 22:32:23.237"/>
</kw>
<status status="FAIL" starttime="20230424 22:32:20.020" endtime="20230424 22:32:23.238">ElementNotInteractableException: Message: element not interactable
  (Session info: chrome=111.0.5563.65)
Stacktrace:
Backtrace:
	(No symbol) [0x0082DCE3]
	(No symbol) [0x007C39D1]
	(No symbol) [0x006D4C70]
	(No symbol) [0x007010D6]
	(No symbol) [0x006F8D05]
	(No symbol) [0x0071AECC]
	(No symbol) [0x006F8726]
	(No symbol) [0x0071B224]
	(No symbol) [0x0072D57C]
	(No symbol) [0x0071ACC6]
	(No symbol) [0x006F6F68]
	(No symbol) [0x006F80CD]
	GetHandleVerifier [0x00AA3832+2506274]
	GetHandleVerifier [0x00AD9794+2727300]
	GetHandleVerifier [0x00ADE36C+2746716]
	GetHandleVerifier [0x008D6690+617600]
	(No symbol) [0x007CC712]
	(No symbol) [0x007D1FF8]
	(No symbol) [0x007D20DB]
	(No symbol) [0x007DC63B]
	BaseThreadInitThunk [0x751B7D69+25]
	RtlInitializeExceptionChain [0x774EBB9B+107]
	RtlClearBits [0x774EBB1F+191]
</status>
</test>
<status status="FAIL" starttime="20230424 22:32:19.685" endtime="20230424 22:32:23.245"/>
</suite>
<statistics>
<total>
<stat pass="0" fail="1" skip="0">All Tests</stat>
</total>
<tag>
</tag>
<suite>
<stat pass="0" fail="1" skip="0" id="s1" name="Simple">Simple</stat>
</suite>
</statistics>
<errors>
</errors>
</robot>
